<?xml version="1.0" encoding="UTF-8" ?>
<testsuite errors="0" failures="5" hostname="TRIVAN" name="test.trip.planer2.AirlineControllerTests" tests="8" time="4.399" timestamp="2013-05-27T05:00:52">
  <properties />
  <testcase classname="test.trip.planer2.AirlineControllerTests" name="testUpdate" time="2.923">
    <failure message="Assertion failed: &#xa;&#xa;assert airline.save() != null&#xa;       |       |      |&#xa;       |       null   false&#xa;       null - null&#xa;" type="junit.framework.AssertionFailedError">junit.framework.AssertionFailedError: Assertion failed: 

assert airline.save() != null
       |       |      |
       |       null   false
       null - null

	at test.trip.planer2.AirlineControllerTests.testUpdate(AirlineControllerTests.groovy:100)
</failure>
  </testcase>
  <testcase classname="test.trip.planer2.AirlineControllerTests" name="testShow" time="0.145">
    <failure message="Assertion failed: &#xa;&#xa;assert airline.save() != null&#xa;       |       |      |&#xa;       |       null   false&#xa;       null - null&#xa;" type="junit.framework.AssertionFailedError">junit.framework.AssertionFailedError: Assertion failed: 

assert airline.save() != null
       |       |      |
       |       null   false
       null - null

	at test.trip.planer2.AirlineControllerTests.testShow(AirlineControllerTests.groovy:62)
</failure>
  </testcase>
  <testcase classname="test.trip.planer2.AirlineControllerTests" name="testDelete" time="0.125">
    <failure message="Assertion failed: &#xa;&#xa;assert airline.save() != null&#xa;       |       |      |&#xa;       |       null   false&#xa;       null - null&#xa;" type="junit.framework.AssertionFailedError">junit.framework.AssertionFailedError: Assertion failed: 

assert airline.save() != null
       |       |      |
       |       null   false
       null - null

	at test.trip.planer2.AirlineControllerTests.testDelete(AirlineControllerTests.groovy:144)
</failure>
  </testcase>
  <testcase classname="test.trip.planer2.AirlineControllerTests" name="testEdit" time="0.128">
    <failure message="Assertion failed: &#xa;&#xa;assert airline.save() != null&#xa;       |       |      |&#xa;       |       null   false&#xa;       null - null&#xa;" type="junit.framework.AssertionFailedError">junit.framework.AssertionFailedError: Assertion failed: 

assert airline.save() != null
       |       |      |
       |       null   false
       null - null

	at test.trip.planer2.AirlineControllerTests.testEdit(AirlineControllerTests.groovy:80)
</failure>
  </testcase>
  <testcase classname="test.trip.planer2.AirlineControllerTests" name="testList" time="0.621" />
  <testcase classname="test.trip.planer2.AirlineControllerTests" name="testCreate" time="0.074" />
  <testcase classname="test.trip.planer2.AirlineControllerTests" name="testIndex" time="0.133" />
  <testcase classname="test.trip.planer2.AirlineControllerTests" name="testSave" time="0.095">
    <failure message="Assertion failed: &#xa;&#xa;assert response.redirectedUrl == &apos;/airline/show/1&apos;&#xa;       |        |             |&#xa;       |        null          false&#xa;       org.codehaus.groovy.grails.plugins.testing.GrailsMockHttpServletResponse@fcf0783&#xa;" type="junit.framework.AssertionFailedError">junit.framework.AssertionFailedError: Assertion failed: 

assert response.redirectedUrl == &apos;/airline/show/1&apos;
       |        |             |
       |        null          false
       org.codehaus.groovy.grails.plugins.testing.GrailsMockHttpServletResponse@fcf0783

	at test.trip.planer2.AirlineControllerTests.testSave(AirlineControllerTests.groovy:48)
</failure>
  </testcase>
  <system-out><![CDATA[--Output from testUpdate--
--Output from testShow--
--Output from testDelete--
--Output from testEdit--
--Output from testList--
--Output from testCreate--
--Output from testIndex--
--Output from testSave--
]]></system-out>
  <system-err><![CDATA[--Output from testUpdate--
--Output from testShow--
--Output from testDelete--
--Output from testEdit--
--Output from testList--
--Output from testCreate--
--Output from testIndex--
--Output from testSave--
]]></system-err>
</testsuite>
