<?xml version="1.0" encoding="UTF-8" ?>
<testsuite errors="0" failures="5" hostname="TRIVAN" name="test.trip.planer2.FlightControllerTests" tests="8" time="1.268" timestamp="2013-05-27T05:00:59">
  <properties />
  <testcase classname="test.trip.planer2.FlightControllerTests" name="testUpdate" time="0.343">
    <failure message="Assertion failed: &#xa;&#xa;assert flight.save() != null&#xa;       |      |      |&#xa;       |      null   false&#xa;       test.trip.planer2.Flight : (unsaved)&#xa;" type="junit.framework.AssertionFailedError">junit.framework.AssertionFailedError: Assertion failed: 

assert flight.save() != null
       |      |      |
       |      null   false
       test.trip.planer2.Flight : (unsaved)

	at test.trip.planer2.FlightControllerTests.testUpdate(FlightControllerTests.groovy:100)
</failure>
  </testcase>
  <testcase classname="test.trip.planer2.FlightControllerTests" name="testShow" time="0.064">
    <failure message="Assertion failed: &#xa;&#xa;assert flight.save() != null&#xa;       |      |      |&#xa;       |      null   false&#xa;       test.trip.planer2.Flight : (unsaved)&#xa;" type="junit.framework.AssertionFailedError">junit.framework.AssertionFailedError: Assertion failed: 

assert flight.save() != null
       |      |      |
       |      null   false
       test.trip.planer2.Flight : (unsaved)

	at test.trip.planer2.FlightControllerTests.testShow(FlightControllerTests.groovy:62)
</failure>
  </testcase>
  <testcase classname="test.trip.planer2.FlightControllerTests" name="testDelete" time="0.076">
    <failure message="Assertion failed: &#xa;&#xa;assert flight.save() != null&#xa;       |      |      |&#xa;       |      null   false&#xa;       test.trip.planer2.Flight : (unsaved)&#xa;" type="junit.framework.AssertionFailedError">junit.framework.AssertionFailedError: Assertion failed: 

assert flight.save() != null
       |      |      |
       |      null   false
       test.trip.planer2.Flight : (unsaved)

	at test.trip.planer2.FlightControllerTests.testDelete(FlightControllerTests.groovy:144)
</failure>
  </testcase>
  <testcase classname="test.trip.planer2.FlightControllerTests" name="testEdit" time="0.067">
    <failure message="Assertion failed: &#xa;&#xa;assert flight.save() != null&#xa;       |      |      |&#xa;       |      null   false&#xa;       test.trip.planer2.Flight : (unsaved)&#xa;" type="junit.framework.AssertionFailedError">junit.framework.AssertionFailedError: Assertion failed: 

assert flight.save() != null
       |      |      |
       |      null   false
       test.trip.planer2.Flight : (unsaved)

	at test.trip.planer2.FlightControllerTests.testEdit(FlightControllerTests.groovy:80)
</failure>
  </testcase>
  <testcase classname="test.trip.planer2.FlightControllerTests" name="testList" time="0.06" />
  <testcase classname="test.trip.planer2.FlightControllerTests" name="testCreate" time="0.049" />
  <testcase classname="test.trip.planer2.FlightControllerTests" name="testIndex" time="0.046" />
  <testcase classname="test.trip.planer2.FlightControllerTests" name="testSave" time="0.054">
    <failure message="Assertion failed: &#xa;&#xa;assert response.redirectedUrl == &apos;/flight/show/1&apos;&#xa;       |        |             |&#xa;       |        null          false&#xa;       org.codehaus.groovy.grails.plugins.testing.GrailsMockHttpServletResponse@20c22f4d&#xa;" type="junit.framework.AssertionFailedError">junit.framework.AssertionFailedError: Assertion failed: 

assert response.redirectedUrl == &apos;/flight/show/1&apos;
       |        |             |
       |        null          false
       org.codehaus.groovy.grails.plugins.testing.GrailsMockHttpServletResponse@20c22f4d

	at test.trip.planer2.FlightControllerTests.testSave(FlightControllerTests.groovy:48)
</failure>
  </testcase>
  <system-out><![CDATA[--Output from testUpdate--
--Output from testShow--
--Output from testDelete--
--Output from testEdit--
--Output from testList--
--Output from testCreate--
--Output from testIndex--
--Output from testSave--
]]></system-out>
  <system-err><![CDATA[--Output from testUpdate--
--Output from testShow--
--Output from testDelete--
--Output from testEdit--
--Output from testList--
--Output from testCreate--
--Output from testIndex--
--Output from testSave--
]]></system-err>
</testsuite>
