<!DOCTYPE html><html xmlns:lxslt="http://xml.apache.org/xslt" xmlns:stringutils="xalan://org.apache.tools.ant.util.StringUtils">
<head>
<META http-equiv="Content-Type" content="text/html; charset=utf-8">
<title>
        Unit Test Results
     - All tests</title>
<link href="stylesheet.css" rel="stylesheet" type="text/css">
</head>
<body>
<div id="report" class="container container_8">
<div class="grid_6 alpha">
<div class="grailslogo"></div>
<h1>
        Unit Test Results
     - All tests </h1>
<p class="intro">
                        Executed
                        56
                        tests
                    
                        with
                        16 errors

                        and
                        21 failures
                        .
                    </p>
</div>
<div class="grid_2 omega">
<nav id="navigationlinks">
<p>
<a href="failed.html">
                    Tests with failure and errors
                </a>
</p>
<p>
<a href="index.html">
                    Package summary
                </a>
</p>
<p>
<a href="all.html">
                    Show all tests
                </a>
</p>
</nav>
</div>
<div class="clear"></div>
<div class="testsuite error">
<div class="header">
<h2>AirportControllerTests</h2>
<h3>
                        Executed
                        8
                        tests
                    
                        with
                        7 errors

                        and
                        one failure
                        .
                    </h3>
</div>
<div class="testcase clearfix failure grid_8 alpha omega" data-name="testUpdate">
<div class="grid_3 alpha">
<p>
<span class="icon failure"></span><b class="testname message failure">testUpdate</b>
</p>
<p class="summary">Executed in 0.32 seconds.</p>
</div>
<div class="grid_5 omega outputinfo">
<div class="details">
<p>
<b class="message">Assertion failed: 

assert airport.save() != null
       |       |      |
       |       null   false
       null - null
</b>
</p>
<pre>junit.framework.AssertionFailedError: Assertion failed: 

assert airport.save() != null
       |       |      |
       |       null   false
       null - null

	at test.trip.planer2.AirportControllerTests.testUpdate(AirportControllerTests.groovy:100)
</pre>
</div>
</div>
<div class="clear"></div>
</div>
<div class="testcase clearfix error grid_8 alpha omega" data-name="testShow">
<div class="grid_3 alpha">
<p>
<span class="icon error"></span><b class="testname message error">testShow</b>
</p>
<p class="summary">Executed in 0.143 seconds.</p>
</div>
<div class="grid_5 omega outputinfo">
<div class="details">
<p>
<b class="message">No signature of method: test.trip.planer2.AirportController.show() is applicable for argument types: () values: []
Possible solutions: save(), wait(), map(), dump(), find(), any()</b>
</p>
<pre>groovy.lang.MissingMethodException: No signature of method: test.trip.planer2.AirportController.show() is applicable for argument types: () values: []
Possible solutions: save(), wait(), map(), dump(), find(), any()
	at test.trip.planer2.AirportControllerTests.testShow(AirportControllerTests.groovy:54)
</pre>
</div>
</div>
<div class="clear"></div>
</div>
<div class="testcase clearfix error grid_8 alpha omega" data-name="testDelete">
<div class="grid_3 alpha">
<p>
<span class="icon error"></span><b class="testname message error">testDelete</b>
</p>
<p class="summary">Executed in 0.083 seconds.</p>
</div>
<div class="grid_5 omega outputinfo">
<div class="details">
<p>
<b class="message">No signature of method: test.trip.planer2.AirportController.delete() is applicable for argument types: () values: []
Possible solutions: sleep(long), sleep(long, groovy.lang.Closure), update(), every(), split(groovy.lang.Closure), getAt(java.lang.String)</b>
</p>
<pre>groovy.lang.MissingMethodException: No signature of method: test.trip.planer2.AirportController.delete() is applicable for argument types: () values: []
Possible solutions: sleep(long), sleep(long, groovy.lang.Closure), update(), every(), split(groovy.lang.Closure), getAt(java.lang.String)
	at test.trip.planer2.AirportControllerTests.testDelete(AirportControllerTests.groovy:135)
</pre>
</div>
</div>
<div class="clear"></div>
</div>
<div class="testcase clearfix error grid_8 alpha omega" data-name="testEdit">
<div class="grid_3 alpha">
<p>
<span class="icon error"></span><b class="testname message error">testEdit</b>
</p>
<p class="summary">Executed in 0.085 seconds.</p>
</div>
<div class="grid_5 omega outputinfo">
<div class="details">
<p>
<b class="message">No signature of method: test.trip.planer2.AirportController.edit() is applicable for argument types: () values: []
Possible solutions: wait(), wait(long), wait(long, int), print(java.io.PrintWriter), split(groovy.lang.Closure), getAt(java.lang.String)</b>
</p>
<pre>groovy.lang.MissingMethodException: No signature of method: test.trip.planer2.AirportController.edit() is applicable for argument types: () values: []
Possible solutions: wait(), wait(long), wait(long, int), print(java.io.PrintWriter), split(groovy.lang.Closure), getAt(java.lang.String)
	at test.trip.planer2.AirportControllerTests.testEdit(AirportControllerTests.groovy:72)
</pre>
</div>
</div>
<div class="clear"></div>
</div>
<div class="testcase clearfix error grid_8 alpha omega" data-name="testList">
<div class="grid_3 alpha">
<p>
<span class="icon error"></span><b class="testname message error">testList</b>
</p>
<p class="summary">Executed in 0.103 seconds.</p>
</div>
<div class="grid_5 omega outputinfo">
<div class="details">
<p>
<b class="message">No signature of method: test.trip.planer2.AirportController.list() is applicable for argument types: () values: []
Possible solutions: is(java.lang.Object), wait(), find(), wait(long), print(java.io.PrintWriter), split(groovy.lang.Closure)</b>
</p>
<pre>groovy.lang.MissingMethodException: No signature of method: test.trip.planer2.AirportController.list() is applicable for argument types: () values: []
Possible solutions: is(java.lang.Object), wait(), find(), wait(long), print(java.io.PrintWriter), split(groovy.lang.Closure)
	at test.trip.planer2.AirportControllerTests.testList(AirportControllerTests.groovy:25)
</pre>
</div>
</div>
<div class="clear"></div>
</div>
<div class="testcase clearfix error grid_8 alpha omega" data-name="testCreate">
<div class="grid_3 alpha">
<p>
<span class="icon error"></span><b class="testname message error">testCreate</b>
</p>
<p class="summary">Executed in 0.089 seconds.</p>
</div>
<div class="grid_5 omega outputinfo">
<div class="details">
<p>
<b class="message">No signature of method: test.trip.planer2.AirportController.create() is applicable for argument types: () values: []
Possible solutions: update(), update(java.lang.Long, java.lang.Long), save(), grep(), chain(java.util.Map), render(groovy.lang.Closure)</b>
</p>
<pre>groovy.lang.MissingMethodException: No signature of method: test.trip.planer2.AirportController.create() is applicable for argument types: () values: []
Possible solutions: update(), update(java.lang.Long, java.lang.Long), save(), grep(), chain(java.util.Map), render(groovy.lang.Closure)
	at test.trip.planer2.AirportControllerTests.testCreate(AirportControllerTests.groovy:32)
</pre>
</div>
</div>
<div class="clear"></div>
</div>
<div class="testcase clearfix error grid_8 alpha omega" data-name="testIndex">
<div class="grid_3 alpha">
<p>
<span class="icon error"></span><b class="testname message error">testIndex</b>
</p>
<p class="summary">Executed in 0.089 seconds.</p>
</div>
<div class="grid_5 omega outputinfo">
<div class="details">
<p>
<b class="message">No signature of method: test.trip.planer2.AirportController.index() is applicable for argument types: () values: []
Possible solutions: find(), render(groovy.lang.Closure), render(java.lang.Object), render(java.lang.String), render(java.util.Map), render(org.codehaus.groovy.grails.web.converters.Converter)</b>
</p>
<pre>groovy.lang.MissingMethodException: No signature of method: test.trip.planer2.AirportController.index() is applicable for argument types: () values: []
Possible solutions: find(), render(groovy.lang.Closure), render(java.lang.Object), render(java.lang.String), render(java.util.Map), render(org.codehaus.groovy.grails.web.converters.Converter)
	at test.trip.planer2.AirportControllerTests.testIndex(AirportControllerTests.groovy:19)
</pre>
</div>
</div>
<div class="clear"></div>
</div>
<div class="testcase clearfix error grid_8 alpha omega" data-name="testSave">
<div class="grid_3 alpha">
<p>
<span class="icon error"></span><b class="testname message error">testSave</b>
</p>
<p class="summary">Executed in 0.09 seconds.</p>
</div>
<div class="grid_5 omega outputinfo">
<div class="details">
<p>
<b class="message">Cannot invoke method geocodeAirport() on null object</b>
</p>
<pre>java.lang.NullPointerException: Cannot invoke method geocodeAirport() on null object
	at test.trip.planer2.AirportController.save(AirportController.groovy:25)
	at test.trip.planer2.AirportControllerTests.testSave(AirportControllerTests.groovy:38)
</pre>
</div>
</div>
<div class="clear"></div>
</div>
<div class="clearfix output footer">
<div class="sysout">
<h2>Standard output</h2>
<pre class="stdout">--Output from testUpdate--
--Output from testShow--
--Output from testDelete--
--Output from testEdit--
--Output from testList--
--Output from testCreate--
--Output from testIndex--
--Output from testSave--
</pre>
</div>
<div class="syserr">
<h2>System error</h2>
<pre class="syserr">--Output from testUpdate--
--Output from testShow--
--Output from testDelete--
--Output from testEdit--
--Output from testList--
--Output from testCreate--
--Output from testIndex--
--Output from testSave--
</pre>
</div>
</div>
<div class="clear"></div>
</div>
<div class="testsuite error">
<div class="header">
<h2>EntryControllerTests</h2>
<h3>
                        Executed
                        8
                        tests
                    
                        with
                        8 errors
                        .
                    </h3>
</div>
<div class="testcase clearfix error grid_8 alpha omega" data-name="testUpdate">
<div class="grid_3 alpha">
<p>
<span class="icon error"></span><b class="testname message error">testUpdate</b>
</p>
<p class="summary">Executed in 0.367 seconds.</p>
</div>
<div class="grid_5 omega outputinfo">
<div class="details">
<p>
<b class="message">No signature of method: test.trip.planer2.EntryController.update() is applicable for argument types: () values: []
Possible solutions: putAt(java.lang.String, java.lang.Object), split(groovy.lang.Closure), use([Ljava.lang.Object;), isCase(java.lang.Object), use(java.util.List, groovy.lang.Closure), use(java.lang.Class, groovy.lang.Closure)</b>
</p>
<pre>groovy.lang.MissingMethodException: No signature of method: test.trip.planer2.EntryController.update() is applicable for argument types: () values: []
Possible solutions: putAt(java.lang.String, java.lang.Object), split(groovy.lang.Closure), use([Ljava.lang.Object;), isCase(java.lang.Object), use(java.util.List, groovy.lang.Closure), use(java.lang.Class, groovy.lang.Closure)
	at test.trip.planer2.EntryControllerTests.testUpdate(EntryControllerTests.groovy:90)
</pre>
</div>
</div>
<div class="clear"></div>
</div>
<div class="testcase clearfix error grid_8 alpha omega" data-name="testShow">
<div class="grid_3 alpha">
<p>
<span class="icon error"></span><b class="testname message error">testShow</b>
</p>
<p class="summary">Executed in 0.097 seconds.</p>
</div>
<div class="grid_5 omega outputinfo">
<div class="details">
<p>
<b class="message">No signature of method: test.trip.planer2.EntryController.show() is applicable for argument types: () values: []
Possible solutions: wait(), list(), dump(), find(), any(), grep()</b>
</p>
<pre>groovy.lang.MissingMethodException: No signature of method: test.trip.planer2.EntryController.show() is applicable for argument types: () values: []
Possible solutions: wait(), list(), dump(), find(), any(), grep()
	at test.trip.planer2.EntryControllerTests.testShow(EntryControllerTests.groovy:54)
</pre>
</div>
</div>
<div class="clear"></div>
</div>
<div class="testcase clearfix error grid_8 alpha omega" data-name="testDelete">
<div class="grid_3 alpha">
<p>
<span class="icon error"></span><b class="testname message error">testDelete</b>
</p>
<p class="summary">Executed in 0.074 seconds.</p>
</div>
<div class="grid_5 omega outputinfo">
<div class="details">
<p>
<b class="message">No signature of method: test.trip.planer2.EntryController.delete() is applicable for argument types: () values: []
Possible solutions: sleep(long), sleep(long, groovy.lang.Closure), every(), split(groovy.lang.Closure), getAt(java.lang.String), every(groovy.lang.Closure)</b>
</p>
<pre>groovy.lang.MissingMethodException: No signature of method: test.trip.planer2.EntryController.delete() is applicable for argument types: () values: []
Possible solutions: sleep(long), sleep(long, groovy.lang.Closure), every(), split(groovy.lang.Closure), getAt(java.lang.String), every(groovy.lang.Closure)
	at test.trip.planer2.EntryControllerTests.testDelete(EntryControllerTests.groovy:135)
</pre>
</div>
</div>
<div class="clear"></div>
</div>
<div class="testcase clearfix error grid_8 alpha omega" data-name="testEdit">
<div class="grid_3 alpha">
<p>
<span class="icon error"></span><b class="testname message error">testEdit</b>
</p>
<p class="summary">Executed in 0.077 seconds.</p>
</div>
<div class="grid_5 omega outputinfo">
<div class="details">
<p>
<b class="message">No signature of method: test.trip.planer2.EntryController.edit() is applicable for argument types: () values: []
Possible solutions: wait(), wait(long), wait(long, int), list(), list(java.lang.Integer), print(java.io.PrintWriter)</b>
</p>
<pre>groovy.lang.MissingMethodException: No signature of method: test.trip.planer2.EntryController.edit() is applicable for argument types: () values: []
Possible solutions: wait(), wait(long), wait(long, int), list(), list(java.lang.Integer), print(java.io.PrintWriter)
	at test.trip.planer2.EntryControllerTests.testEdit(EntryControllerTests.groovy:72)
</pre>
</div>
</div>
<div class="clear"></div>
</div>
<div class="testcase clearfix error grid_8 alpha omega" data-name="testList">
<div class="grid_3 alpha">
<p>
<span class="icon error"></span><b class="testname message error">testList</b>
</p>
<p class="summary">Executed in 0.104 seconds.</p>
</div>
<div class="grid_5 omega outputinfo">
<div class="details">
<p>
<b class="message">No signature of method: test.trip.planer2.User.methodMissing() is applicable for argument types: () values: []</b>
</p>
<pre>groovy.lang.MissingMethodException: No signature of method: test.trip.planer2.User.methodMissing() is applicable for argument types: () values: []
	at test.trip.planer2.EntryController.list(EntryController.groovy:27)
	at test.trip.planer2.EntryControllerTests.testList(EntryControllerTests.groovy:25)
</pre>
</div>
</div>
<div class="clear"></div>
</div>
<div class="testcase clearfix error grid_8 alpha omega" data-name="testCreate">
<div class="grid_3 alpha">
<p>
<span class="icon error"></span><b class="testname message error">testCreate</b>
</p>
<p class="summary">Executed in 0.059 seconds.</p>
</div>
<div class="grid_5 omega outputinfo">
<div class="details">
<p>
<b class="message">No signature of method: test.trip.planer2.EntryController.create() is applicable for argument types: () values: []
Possible solutions: grep(), chain(java.util.Map), render(groovy.lang.Closure), render(java.lang.Object), render(java.lang.String), render(java.util.Map)</b>
</p>
<pre>groovy.lang.MissingMethodException: No signature of method: test.trip.planer2.EntryController.create() is applicable for argument types: () values: []
Possible solutions: grep(), chain(java.util.Map), render(groovy.lang.Closure), render(java.lang.Object), render(java.lang.String), render(java.util.Map)
	at test.trip.planer2.EntryControllerTests.testCreate(EntryControllerTests.groovy:32)
</pre>
</div>
</div>
<div class="clear"></div>
</div>
<div class="testcase clearfix error grid_8 alpha omega" data-name="testIndex">
<div class="grid_3 alpha">
<p>
<span class="icon error"></span><b class="testname message error">testIndex</b>
</p>
<p class="summary">Executed in 0.056 seconds.</p>
</div>
<div class="grid_5 omega outputinfo">
<div class="details">
<p>
<b class="message">No signature of method: test.trip.planer2.EntryController.index() is applicable for argument types: () values: []
Possible solutions: find(), render(groovy.lang.Closure), render(java.lang.Object), render(java.lang.String), render(java.util.Map), render(org.codehaus.groovy.grails.web.converters.Converter)</b>
</p>
<pre>groovy.lang.MissingMethodException: No signature of method: test.trip.planer2.EntryController.index() is applicable for argument types: () values: []
Possible solutions: find(), render(groovy.lang.Closure), render(java.lang.Object), render(java.lang.String), render(java.util.Map), render(org.codehaus.groovy.grails.web.converters.Converter)
	at test.trip.planer2.EntryControllerTests.testIndex(EntryControllerTests.groovy:19)
</pre>
</div>
</div>
<div class="clear"></div>
</div>
<div class="testcase clearfix error grid_8 alpha omega" data-name="testSave">
<div class="grid_3 alpha">
<p>
<span class="icon error"></span><b class="testname message error">testSave</b>
</p>
<p class="summary">Executed in 0.052 seconds.</p>
</div>
<div class="grid_5 omega outputinfo">
<div class="details">
<p>
<b class="message">No signature of method: test.trip.planer2.EntryController.save() is applicable for argument types: () values: []
Possible solutions: wait(), any(), wait(long), any(groovy.lang.Closure), sleep(long), each(groovy.lang.Closure)</b>
</p>
<pre>groovy.lang.MissingMethodException: No signature of method: test.trip.planer2.EntryController.save() is applicable for argument types: () values: []
Possible solutions: wait(), any(), wait(long), any(groovy.lang.Closure), sleep(long), each(groovy.lang.Closure)
	at test.trip.planer2.EntryControllerTests.testSave(EntryControllerTests.groovy:38)
</pre>
</div>
</div>
<div class="clear"></div>
</div>
<div class="clearfix output footer">
<div class="sysout">
<h2>Standard output</h2>
<pre class="stdout">--Output from testUpdate--
--Output from testShow--
--Output from testDelete--
--Output from testEdit--
--Output from testList--
--Output from testCreate--
--Output from testIndex--
--Output from testSave--
</pre>
</div>
<div class="syserr">
<h2>System error</h2>
<pre class="syserr">--Output from testUpdate--
--Output from testShow--
--Output from testDelete--
--Output from testEdit--
--Output from testList--
--Output from testCreate--
--Output from testIndex--
--Output from testSave--
</pre>
</div>
</div>
<div class="clear"></div>
</div>
<div class="testsuite failure">
<div class="header">
<h2>AirlineControllerTests</h2>
<h3>
                        Executed
                        8
                        tests
                    
                        with
                        5 failures
                        .
                    </h3>
</div>
<div class="testcase clearfix failure grid_8 alpha omega" data-name="testUpdate">
<div class="grid_3 alpha">
<p>
<span class="icon failure"></span><b class="testname message failure">testUpdate</b>
</p>
<p class="summary">Executed in 2.923 seconds.</p>
</div>
<div class="grid_5 omega outputinfo">
<div class="details">
<p>
<b class="message">Assertion failed: 

assert airline.save() != null
       |       |      |
       |       null   false
       null - null
</b>
</p>
<pre>junit.framework.AssertionFailedError: Assertion failed: 

assert airline.save() != null
       |       |      |
       |       null   false
       null - null

	at test.trip.planer2.AirlineControllerTests.testUpdate(AirlineControllerTests.groovy:100)
</pre>
</div>
</div>
<div class="clear"></div>
</div>
<div class="testcase clearfix failure grid_8 alpha omega" data-name="testShow">
<div class="grid_3 alpha">
<p>
<span class="icon failure"></span><b class="testname message failure">testShow</b>
</p>
<p class="summary">Executed in 0.145 seconds.</p>
</div>
<div class="grid_5 omega outputinfo">
<div class="details">
<p>
<b class="message">Assertion failed: 

assert airline.save() != null
       |       |      |
       |       null   false
       null - null
</b>
</p>
<pre>junit.framework.AssertionFailedError: Assertion failed: 

assert airline.save() != null
       |       |      |
       |       null   false
       null - null

	at test.trip.planer2.AirlineControllerTests.testShow(AirlineControllerTests.groovy:62)
</pre>
</div>
</div>
<div class="clear"></div>
</div>
<div class="testcase clearfix failure grid_8 alpha omega" data-name="testDelete">
<div class="grid_3 alpha">
<p>
<span class="icon failure"></span><b class="testname message failure">testDelete</b>
</p>
<p class="summary">Executed in 0.125 seconds.</p>
</div>
<div class="grid_5 omega outputinfo">
<div class="details">
<p>
<b class="message">Assertion failed: 

assert airline.save() != null
       |       |      |
       |       null   false
       null - null
</b>
</p>
<pre>junit.framework.AssertionFailedError: Assertion failed: 

assert airline.save() != null
       |       |      |
       |       null   false
       null - null

	at test.trip.planer2.AirlineControllerTests.testDelete(AirlineControllerTests.groovy:144)
</pre>
</div>
</div>
<div class="clear"></div>
</div>
<div class="testcase clearfix failure grid_8 alpha omega" data-name="testEdit">
<div class="grid_3 alpha">
<p>
<span class="icon failure"></span><b class="testname message failure">testEdit</b>
</p>
<p class="summary">Executed in 0.128 seconds.</p>
</div>
<div class="grid_5 omega outputinfo">
<div class="details">
<p>
<b class="message">Assertion failed: 

assert airline.save() != null
       |       |      |
       |       null   false
       null - null
</b>
</p>
<pre>junit.framework.AssertionFailedError: Assertion failed: 

assert airline.save() != null
       |       |      |
       |       null   false
       null - null

	at test.trip.planer2.AirlineControllerTests.testEdit(AirlineControllerTests.groovy:80)
</pre>
</div>
</div>
<div class="clear"></div>
</div>
<div class="testcase clearfix success grid_8 alpha omega" data-name="testList">
<div class="grid_3 alpha">
<p>
<span class="icon success"></span><b class="testname message success">testList</b>
</p>
<p class="summary">Executed in 0.621 seconds.</p>
</div>
<div class="grid_5 omega outputinfo"></div>
<div class="clear"></div>
</div>
<div class="testcase clearfix success grid_8 alpha omega" data-name="testCreate">
<div class="grid_3 alpha">
<p>
<span class="icon success"></span><b class="testname message success">testCreate</b>
</p>
<p class="summary">Executed in 0.074 seconds.</p>
</div>
<div class="grid_5 omega outputinfo"></div>
<div class="clear"></div>
</div>
<div class="testcase clearfix success grid_8 alpha omega" data-name="testIndex">
<div class="grid_3 alpha">
<p>
<span class="icon success"></span><b class="testname message success">testIndex</b>
</p>
<p class="summary">Executed in 0.133 seconds.</p>
</div>
<div class="grid_5 omega outputinfo"></div>
<div class="clear"></div>
</div>
<div class="testcase clearfix failure grid_8 alpha omega" data-name="testSave">
<div class="grid_3 alpha">
<p>
<span class="icon failure"></span><b class="testname message failure">testSave</b>
</p>
<p class="summary">Executed in 0.095 seconds.</p>
</div>
<div class="grid_5 omega outputinfo">
<div class="details">
<p>
<b class="message">Assertion failed: 

assert response.redirectedUrl == '/airline/show/1'
       |        |             |
       |        null          false
       org.codehaus.groovy.grails.plugins.testing.GrailsMockHttpServletResponse@fcf0783
</b>
</p>
<pre>junit.framework.AssertionFailedError: Assertion failed: 

assert response.redirectedUrl == '/airline/show/1'
       |        |             |
       |        null          false
       org.codehaus.groovy.grails.plugins.testing.GrailsMockHttpServletResponse@fcf0783

	at test.trip.planer2.AirlineControllerTests.testSave(AirlineControllerTests.groovy:48)
</pre>
</div>
</div>
<div class="clear"></div>
</div>
<div class="clearfix output footer">
<div class="sysout">
<h2>Standard output</h2>
<pre class="stdout">--Output from testUpdate--
--Output from testShow--
--Output from testDelete--
--Output from testEdit--
--Output from testList--
--Output from testCreate--
--Output from testIndex--
--Output from testSave--
</pre>
</div>
<div class="syserr">
<h2>System error</h2>
<pre class="syserr">--Output from testUpdate--
--Output from testShow--
--Output from testDelete--
--Output from testEdit--
--Output from testList--
--Output from testCreate--
--Output from testIndex--
--Output from testSave--
</pre>
</div>
</div>
<div class="clear"></div>
</div>
<div class="testsuite failure">
<div class="header">
<h2>FlightControllerTests</h2>
<h3>
                        Executed
                        8
                        tests
                    
                        with
                        5 failures
                        .
                    </h3>
</div>
<div class="testcase clearfix failure grid_8 alpha omega" data-name="testUpdate">
<div class="grid_3 alpha">
<p>
<span class="icon failure"></span><b class="testname message failure">testUpdate</b>
</p>
<p class="summary">Executed in 0.343 seconds.</p>
</div>
<div class="grid_5 omega outputinfo">
<div class="details">
<p>
<b class="message">Assertion failed: 

assert flight.save() != null
       |      |      |
       |      null   false
       test.trip.planer2.Flight : (unsaved)
</b>
</p>
<pre>junit.framework.AssertionFailedError: Assertion failed: 

assert flight.save() != null
       |      |      |
       |      null   false
       test.trip.planer2.Flight : (unsaved)

	at test.trip.planer2.FlightControllerTests.testUpdate(FlightControllerTests.groovy:100)
</pre>
</div>
</div>
<div class="clear"></div>
</div>
<div class="testcase clearfix failure grid_8 alpha omega" data-name="testShow">
<div class="grid_3 alpha">
<p>
<span class="icon failure"></span><b class="testname message failure">testShow</b>
</p>
<p class="summary">Executed in 0.064 seconds.</p>
</div>
<div class="grid_5 omega outputinfo">
<div class="details">
<p>
<b class="message">Assertion failed: 

assert flight.save() != null
       |      |      |
       |      null   false
       test.trip.planer2.Flight : (unsaved)
</b>
</p>
<pre>junit.framework.AssertionFailedError: Assertion failed: 

assert flight.save() != null
       |      |      |
       |      null   false
       test.trip.planer2.Flight : (unsaved)

	at test.trip.planer2.FlightControllerTests.testShow(FlightControllerTests.groovy:62)
</pre>
</div>
</div>
<div class="clear"></div>
</div>
<div class="testcase clearfix failure grid_8 alpha omega" data-name="testDelete">
<div class="grid_3 alpha">
<p>
<span class="icon failure"></span><b class="testname message failure">testDelete</b>
</p>
<p class="summary">Executed in 0.076 seconds.</p>
</div>
<div class="grid_5 omega outputinfo">
<div class="details">
<p>
<b class="message">Assertion failed: 

assert flight.save() != null
       |      |      |
       |      null   false
       test.trip.planer2.Flight : (unsaved)
</b>
</p>
<pre>junit.framework.AssertionFailedError: Assertion failed: 

assert flight.save() != null
       |      |      |
       |      null   false
       test.trip.planer2.Flight : (unsaved)

	at test.trip.planer2.FlightControllerTests.testDelete(FlightControllerTests.groovy:144)
</pre>
</div>
</div>
<div class="clear"></div>
</div>
<div class="testcase clearfix failure grid_8 alpha omega" data-name="testEdit">
<div class="grid_3 alpha">
<p>
<span class="icon failure"></span><b class="testname message failure">testEdit</b>
</p>
<p class="summary">Executed in 0.067 seconds.</p>
</div>
<div class="grid_5 omega outputinfo">
<div class="details">
<p>
<b class="message">Assertion failed: 

assert flight.save() != null
       |      |      |
       |      null   false
       test.trip.planer2.Flight : (unsaved)
</b>
</p>
<pre>junit.framework.AssertionFailedError: Assertion failed: 

assert flight.save() != null
       |      |      |
       |      null   false
       test.trip.planer2.Flight : (unsaved)

	at test.trip.planer2.FlightControllerTests.testEdit(FlightControllerTests.groovy:80)
</pre>
</div>
</div>
<div class="clear"></div>
</div>
<div class="testcase clearfix success grid_8 alpha omega" data-name="testList">
<div class="grid_3 alpha">
<p>
<span class="icon success"></span><b class="testname message success">testList</b>
</p>
<p class="summary">Executed in 0.06 seconds.</p>
</div>
<div class="grid_5 omega outputinfo"></div>
<div class="clear"></div>
</div>
<div class="testcase clearfix success grid_8 alpha omega" data-name="testCreate">
<div class="grid_3 alpha">
<p>
<span class="icon success"></span><b class="testname message success">testCreate</b>
</p>
<p class="summary">Executed in 0.049 seconds.</p>
</div>
<div class="grid_5 omega outputinfo"></div>
<div class="clear"></div>
</div>
<div class="testcase clearfix success grid_8 alpha omega" data-name="testIndex">
<div class="grid_3 alpha">
<p>
<span class="icon success"></span><b class="testname message success">testIndex</b>
</p>
<p class="summary">Executed in 0.046 seconds.</p>
</div>
<div class="grid_5 omega outputinfo"></div>
<div class="clear"></div>
</div>
<div class="testcase clearfix failure grid_8 alpha omega" data-name="testSave">
<div class="grid_3 alpha">
<p>
<span class="icon failure"></span><b class="testname message failure">testSave</b>
</p>
<p class="summary">Executed in 0.054 seconds.</p>
</div>
<div class="grid_5 omega outputinfo">
<div class="details">
<p>
<b class="message">Assertion failed: 

assert response.redirectedUrl == '/flight/show/1'
       |        |             |
       |        null          false
       org.codehaus.groovy.grails.plugins.testing.GrailsMockHttpServletResponse@20c22f4d
</b>
</p>
<pre>junit.framework.AssertionFailedError: Assertion failed: 

assert response.redirectedUrl == '/flight/show/1'
       |        |             |
       |        null          false
       org.codehaus.groovy.grails.plugins.testing.GrailsMockHttpServletResponse@20c22f4d

	at test.trip.planer2.FlightControllerTests.testSave(FlightControllerTests.groovy:48)
</pre>
</div>
</div>
<div class="clear"></div>
</div>
<div class="clearfix output footer">
<div class="sysout">
<h2>Standard output</h2>
<pre class="stdout">--Output from testUpdate--
--Output from testShow--
--Output from testDelete--
--Output from testEdit--
--Output from testList--
--Output from testCreate--
--Output from testIndex--
--Output from testSave--
</pre>
</div>
<div class="syserr">
<h2>System error</h2>
<pre class="syserr">--Output from testUpdate--
--Output from testShow--
--Output from testDelete--
--Output from testEdit--
--Output from testList--
--Output from testCreate--
--Output from testIndex--
--Output from testSave--
</pre>
</div>
</div>
<div class="clear"></div>
</div>
<div class="testsuite failure">
<div class="header">
<h2>TripControllerTests</h2>
<h3>
                        Executed
                        8
                        tests
                    
                        with
                        5 failures
                        .
                    </h3>
</div>
<div class="testcase clearfix failure grid_8 alpha omega" data-name="testUpdate">
<div class="grid_3 alpha">
<p>
<span class="icon failure"></span><b class="testname message failure">testUpdate</b>
</p>
<p class="summary">Executed in 0.258 seconds.</p>
</div>
<div class="grid_5 omega outputinfo">
<div class="details">
<p>
<b class="message">Assertion failed: 

assert trip.save() != null
       |    |      |
       |    null   false
       test.trip.planer2.Trip@795120c9 (toString() == null)
</b>
</p>
<pre>junit.framework.AssertionFailedError: Assertion failed: 

assert trip.save() != null
       |    |      |
       |    null   false
       test.trip.planer2.Trip@795120c9 (toString() == null)

	at test.trip.planer2.TripControllerTests.testUpdate(TripControllerTests.groovy:100)
</pre>
</div>
</div>
<div class="clear"></div>
</div>
<div class="testcase clearfix failure grid_8 alpha omega" data-name="testShow">
<div class="grid_3 alpha">
<p>
<span class="icon failure"></span><b class="testname message failure">testShow</b>
</p>
<p class="summary">Executed in 0.048 seconds.</p>
</div>
<div class="grid_5 omega outputinfo">
<div class="details">
<p>
<b class="message">Assertion failed: 

assert trip.save() != null
       |    |      |
       |    null   false
       test.trip.planer2.Trip@7f432759 (toString() == null)
</b>
</p>
<pre>junit.framework.AssertionFailedError: Assertion failed: 

assert trip.save() != null
       |    |      |
       |    null   false
       test.trip.planer2.Trip@7f432759 (toString() == null)

	at test.trip.planer2.TripControllerTests.testShow(TripControllerTests.groovy:62)
</pre>
</div>
</div>
<div class="clear"></div>
</div>
<div class="testcase clearfix failure grid_8 alpha omega" data-name="testDelete">
<div class="grid_3 alpha">
<p>
<span class="icon failure"></span><b class="testname message failure">testDelete</b>
</p>
<p class="summary">Executed in 0.052 seconds.</p>
</div>
<div class="grid_5 omega outputinfo">
<div class="details">
<p>
<b class="message">Assertion failed: 

assert trip.save() != null
       |    |      |
       |    null   false
       test.trip.planer2.Trip@20a302f2 (toString() == null)
</b>
</p>
<pre>junit.framework.AssertionFailedError: Assertion failed: 

assert trip.save() != null
       |    |      |
       |    null   false
       test.trip.planer2.Trip@20a302f2 (toString() == null)

	at test.trip.planer2.TripControllerTests.testDelete(TripControllerTests.groovy:144)
</pre>
</div>
</div>
<div class="clear"></div>
</div>
<div class="testcase clearfix failure grid_8 alpha omega" data-name="testEdit">
<div class="grid_3 alpha">
<p>
<span class="icon failure"></span><b class="testname message failure">testEdit</b>
</p>
<p class="summary">Executed in 0.051 seconds.</p>
</div>
<div class="grid_5 omega outputinfo">
<div class="details">
<p>
<b class="message">Assertion failed: 

assert trip.save() != null
       |    |      |
       |    null   false
       test.trip.planer2.Trip@6ebe375f (toString() == null)
</b>
</p>
<pre>junit.framework.AssertionFailedError: Assertion failed: 

assert trip.save() != null
       |    |      |
       |    null   false
       test.trip.planer2.Trip@6ebe375f (toString() == null)

	at test.trip.planer2.TripControllerTests.testEdit(TripControllerTests.groovy:80)
</pre>
</div>
</div>
<div class="clear"></div>
</div>
<div class="testcase clearfix success grid_8 alpha omega" data-name="testList">
<div class="grid_3 alpha">
<p>
<span class="icon success"></span><b class="testname message success">testList</b>
</p>
<p class="summary">Executed in 0.044 seconds.</p>
</div>
<div class="grid_5 omega outputinfo"></div>
<div class="clear"></div>
</div>
<div class="testcase clearfix success grid_8 alpha omega" data-name="testCreate">
<div class="grid_3 alpha">
<p>
<span class="icon success"></span><b class="testname message success">testCreate</b>
</p>
<p class="summary">Executed in 0.047 seconds.</p>
</div>
<div class="grid_5 omega outputinfo"></div>
<div class="clear"></div>
</div>
<div class="testcase clearfix success grid_8 alpha omega" data-name="testIndex">
<div class="grid_3 alpha">
<p>
<span class="icon success"></span><b class="testname message success">testIndex</b>
</p>
<p class="summary">Executed in 0.051 seconds.</p>
</div>
<div class="grid_5 omega outputinfo"></div>
<div class="clear"></div>
</div>
<div class="testcase clearfix failure grid_8 alpha omega" data-name="testSave">
<div class="grid_3 alpha">
<p>
<span class="icon failure"></span><b class="testname message failure">testSave</b>
</p>
<p class="summary">Executed in 0.06 seconds.</p>
</div>
<div class="grid_5 omega outputinfo">
<div class="details">
<p>
<b class="message">Assertion failed: 

assert response.redirectedUrl == '/trip/show/1'
       |        |             |
       |        null          false
       org.codehaus.groovy.grails.plugins.testing.GrailsMockHttpServletResponse@40ab95d
</b>
</p>
<pre>junit.framework.AssertionFailedError: Assertion failed: 

assert response.redirectedUrl == '/trip/show/1'
       |        |             |
       |        null          false
       org.codehaus.groovy.grails.plugins.testing.GrailsMockHttpServletResponse@40ab95d

	at test.trip.planer2.TripControllerTests.testSave(TripControllerTests.groovy:48)
</pre>
</div>
</div>
<div class="clear"></div>
</div>
<div class="clearfix output footer">
<div class="sysout">
<h2>Standard output</h2>
<pre class="stdout">--Output from testUpdate--
--Output from testShow--
--Output from testDelete--
--Output from testEdit--
--Output from testList--
--Output from testCreate--
--Output from testIndex--
--Output from testSave--
</pre>
</div>
<div class="syserr">
<h2>System error</h2>
<pre class="syserr">--Output from testUpdate--
--Output from testShow--
--Output from testDelete--
--Output from testEdit--
--Output from testList--
--Output from testCreate--
--Output from testIndex--
--Output from testSave--
</pre>
</div>
</div>
<div class="clear"></div>
</div>
<div class="testsuite failure">
<div class="header">
<h2>UserControllerTests</h2>
<h3>
                        Executed
                        8
                        tests
                    
                        with
                        5 failures
                        .
                    </h3>
</div>
<div class="testcase clearfix failure grid_8 alpha omega" data-name="testUpdate">
<div class="grid_3 alpha">
<p>
<span class="icon failure"></span><b class="testname message failure">testUpdate</b>
</p>
<p class="summary">Executed in 0.257 seconds.</p>
</div>
<div class="grid_5 omega outputinfo">
<div class="details">
<p>
<b class="message">Assertion failed: 

assert user.save() != null
       |    |      |
       |    null   false
       test.trip.planer2.User@7f8e0288 (toString() == null)
</b>
</p>
<pre>junit.framework.AssertionFailedError: Assertion failed: 

assert user.save() != null
       |    |      |
       |    null   false
       test.trip.planer2.User@7f8e0288 (toString() == null)

	at test.trip.planer2.UserControllerTests.testUpdate(UserControllerTests.groovy:100)
</pre>
</div>
</div>
<div class="clear"></div>
</div>
<div class="testcase clearfix failure grid_8 alpha omega" data-name="testShow">
<div class="grid_3 alpha">
<p>
<span class="icon failure"></span><b class="testname message failure">testShow</b>
</p>
<p class="summary">Executed in 0.068 seconds.</p>
</div>
<div class="grid_5 omega outputinfo">
<div class="details">
<p>
<b class="message">Assertion failed: 

assert user.save() != null
       |    |      |
       |    null   false
       test.trip.planer2.User@5c50d2c4 (toString() == null)
</b>
</p>
<pre>junit.framework.AssertionFailedError: Assertion failed: 

assert user.save() != null
       |    |      |
       |    null   false
       test.trip.planer2.User@5c50d2c4 (toString() == null)

	at test.trip.planer2.UserControllerTests.testShow(UserControllerTests.groovy:62)
</pre>
</div>
</div>
<div class="clear"></div>
</div>
<div class="testcase clearfix failure grid_8 alpha omega" data-name="testDelete">
<div class="grid_3 alpha">
<p>
<span class="icon failure"></span><b class="testname message failure">testDelete</b>
</p>
<p class="summary">Executed in 0.062 seconds.</p>
</div>
<div class="grid_5 omega outputinfo">
<div class="details">
<p>
<b class="message">Assertion failed: 

assert user.save() != null
       |    |      |
       |    null   false
       test.trip.planer2.User@2f4f13b8 (toString() == null)
</b>
</p>
<pre>junit.framework.AssertionFailedError: Assertion failed: 

assert user.save() != null
       |    |      |
       |    null   false
       test.trip.planer2.User@2f4f13b8 (toString() == null)

	at test.trip.planer2.UserControllerTests.testDelete(UserControllerTests.groovy:144)
</pre>
</div>
</div>
<div class="clear"></div>
</div>
<div class="testcase clearfix failure grid_8 alpha omega" data-name="testEdit">
<div class="grid_3 alpha">
<p>
<span class="icon failure"></span><b class="testname message failure">testEdit</b>
</p>
<p class="summary">Executed in 0.053 seconds.</p>
</div>
<div class="grid_5 omega outputinfo">
<div class="details">
<p>
<b class="message">Assertion failed: 

assert user.save() != null
       |    |      |
       |    null   false
       test.trip.planer2.User@74cda8f6 (toString() == null)
</b>
</p>
<pre>junit.framework.AssertionFailedError: Assertion failed: 

assert user.save() != null
       |    |      |
       |    null   false
       test.trip.planer2.User@74cda8f6 (toString() == null)

	at test.trip.planer2.UserControllerTests.testEdit(UserControllerTests.groovy:80)
</pre>
</div>
</div>
<div class="clear"></div>
</div>
<div class="testcase clearfix success grid_8 alpha omega" data-name="testList">
<div class="grid_3 alpha">
<p>
<span class="icon success"></span><b class="testname message success">testList</b>
</p>
<p class="summary">Executed in 0.042 seconds.</p>
</div>
<div class="grid_5 omega outputinfo"></div>
<div class="clear"></div>
</div>
<div class="testcase clearfix success grid_8 alpha omega" data-name="testCreate">
<div class="grid_3 alpha">
<p>
<span class="icon success"></span><b class="testname message success">testCreate</b>
</p>
<p class="summary">Executed in 0.042 seconds.</p>
</div>
<div class="grid_5 omega outputinfo"></div>
<div class="clear"></div>
</div>
<div class="testcase clearfix success grid_8 alpha omega" data-name="testIndex">
<div class="grid_3 alpha">
<p>
<span class="icon success"></span><b class="testname message success">testIndex</b>
</p>
<p class="summary">Executed in 0.043 seconds.</p>
</div>
<div class="grid_5 omega outputinfo"></div>
<div class="clear"></div>
</div>
<div class="testcase clearfix failure grid_8 alpha omega" data-name="testSave">
<div class="grid_3 alpha">
<p>
<span class="icon failure"></span><b class="testname message failure">testSave</b>
</p>
<p class="summary">Executed in 0.05 seconds.</p>
</div>
<div class="grid_5 omega outputinfo">
<div class="details">
<p>
<b class="message">Assertion failed: 

assert response.redirectedUrl == '/user/show/1'
       |        |             |
       |        null          false
       org.codehaus.groovy.grails.plugins.testing.GrailsMockHttpServletResponse@bdf31b3
</b>
</p>
<pre>junit.framework.AssertionFailedError: Assertion failed: 

assert response.redirectedUrl == '/user/show/1'
       |        |             |
       |        null          false
       org.codehaus.groovy.grails.plugins.testing.GrailsMockHttpServletResponse@bdf31b3

	at test.trip.planer2.UserControllerTests.testSave(UserControllerTests.groovy:48)
</pre>
</div>
</div>
<div class="clear"></div>
</div>
<div class="clearfix output footer">
<div class="sysout">
<h2>Standard output</h2>
<pre class="stdout">--Output from testUpdate--
--Output from testShow--
--Output from testDelete--
--Output from testEdit--
--Output from testList--
--Output from testCreate--
--Output from testIndex--
--Output from testSave--
</pre>
</div>
<div class="syserr">
<h2>System error</h2>
<pre class="syserr">--Output from testUpdate--
--Output from testShow--
--Output from testDelete--
--Output from testEdit--
--Output from testList--
--Output from testCreate--
--Output from testIndex--
--Output from testSave--
</pre>
</div>
</div>
<div class="clear"></div>
</div>
<div class="testsuite error">
<div class="header">
<h2>DateTagLibTests</h2>
<h3>
                        A single test executed
                    
                        with
                        one error
                        .
                    </h3>
</div>
<div class="testcase clearfix error grid_8 alpha omega" data-name="testSomething">
<div class="grid_3 alpha">
<p>
<span class="icon error"></span><b class="testname message error">testSomething</b>
</p>
<p class="summary">Executed in 0.02 seconds.</p>
</div>
<div class="grid_5 omega outputinfo">
<div class="details">
<p>
<b class="message">Cannot add Domain class [class test.trip.planer2.UnderscoreCodec]. It is not a Domain!</b>
</p>
<pre>org.codehaus.groovy.grails.exceptions.GrailsConfigurationException: Cannot add Domain class [class test.trip.planer2.UnderscoreCodec]. It is not a Domain!
	at grails.test.mixin.domain.DomainClassUnitTestMixin.registerGrailsDomainClass(DomainClassUnitTestMixin.groovy:209)
	at grails.test.mixin.domain.DomainClassUnitTestMixin.mockDomain(DomainClassUnitTestMixin.groovy:148)
	at grails.test.mixin.domain.DomainClassUnitTestMixin.mockDomain(DomainClassUnitTestMixin.groovy:145)
</pre>
</div>
</div>
<div class="clear"></div>
</div>
<div class="clearfix output footer">
<div class="sysout">
<h2>Standard output</h2>
<pre class="stdout">--Output from testSomething--
</pre>
</div>
<div class="syserr">
<h2>System error</h2>
<pre class="syserr">--Output from testSomething--
</pre>
</div>
</div>
<div class="clear"></div>
</div>
<div class="testsuite success">
<div class="header">
<h2>AirlineTests</h2>
<h3>
                        A single test executed
                    
                        without a single error or failure!
                    </h3>
</div>
<div class="testcase clearfix success grid_8 alpha omega" data-name="testSomething">
<div class="grid_3 alpha">
<p>
<span class="icon success"></span><b class="testname message success">testSomething</b>
</p>
<p class="summary">Executed in 0.057 seconds.</p>
</div>
<div class="grid_5 omega outputinfo"></div>
<div class="clear"></div>
</div>
<div class="clearfix output footer">
<div class="sysout">
<h2>Standard output</h2>
<pre class="stdout">--Output from testSomething--
</pre>
</div>
<div class="syserr">
<h2>System error</h2>
<pre class="syserr">--Output from testSomething--
</pre>
</div>
</div>
<div class="clear"></div>
</div>
<div class="testsuite success">
<div class="header">
<h2>AirportTests</h2>
<h3>
                        A single test executed
                    
                        without a single error or failure!
                    </h3>
</div>
<div class="testcase clearfix success grid_8 alpha omega" data-name="testSomething">
<div class="grid_3 alpha">
<p>
<span class="icon success"></span><b class="testname message success">testSomething</b>
</p>
<p class="summary">Executed in 0.065 seconds.</p>
</div>
<div class="grid_5 omega outputinfo"></div>
<div class="clear"></div>
</div>
<div class="clearfix output footer">
<div class="sysout">
<h2>Standard output</h2>
<pre class="stdout">--Output from testSomething--
</pre>
</div>
<div class="syserr">
<h2>System error</h2>
<pre class="syserr">--Output from testSomething--
</pre>
</div>
</div>
<div class="clear"></div>
</div>
<div class="testsuite success">
<div class="header">
<h2>EntryTests</h2>
<h3>
                        A single test executed
                    
                        without a single error or failure!
                    </h3>
</div>
<div class="testcase clearfix success grid_8 alpha omega" data-name="testSomething">
<div class="grid_3 alpha">
<p>
<span class="icon success"></span><b class="testname message success">testSomething</b>
</p>
<p class="summary">Executed in 0.052 seconds.</p>
</div>
<div class="grid_5 omega outputinfo"></div>
<div class="clear"></div>
</div>
<div class="clearfix output footer">
<div class="sysout">
<h2>Standard output</h2>
<pre class="stdout">--Output from testSomething--
</pre>
</div>
<div class="syserr">
<h2>System error</h2>
<pre class="syserr">--Output from testSomething--
</pre>
</div>
</div>
<div class="clear"></div>
</div>
<div class="testsuite success">
<div class="header">
<h2>FlightTests</h2>
<h3>
                        A single test executed
                    
                        without a single error or failure!
                    </h3>
</div>
<div class="testcase clearfix success grid_8 alpha omega" data-name="testSomething">
<div class="grid_3 alpha">
<p>
<span class="icon success"></span><b class="testname message success">testSomething</b>
</p>
<p class="summary">Executed in 0.052 seconds.</p>
</div>
<div class="grid_5 omega outputinfo"></div>
<div class="clear"></div>
</div>
<div class="clearfix output footer">
<div class="sysout">
<h2>Standard output</h2>
<pre class="stdout">--Output from testSomething--
</pre>
</div>
<div class="syserr">
<h2>System error</h2>
<pre class="syserr">--Output from testSomething--
</pre>
</div>
</div>
<div class="clear"></div>
</div>
<div class="testsuite success">
<div class="header">
<h2>GeocoderServiceTests</h2>
<h3>
                        A single test executed
                    
                        without a single error or failure!
                    </h3>
</div>
<div class="testcase clearfix success grid_8 alpha omega" data-name="testSomething">
<div class="grid_3 alpha">
<p>
<span class="icon success"></span><b class="testname message success">testSomething</b>
</p>
<p class="summary">Executed in 0.031 seconds.</p>
</div>
<div class="grid_5 omega outputinfo"></div>
<div class="clear"></div>
</div>
<div class="clearfix output footer">
<div class="sysout">
<h2>Standard output</h2>
<pre class="stdout">--Output from testSomething--
</pre>
</div>
<div class="syserr">
<h2>System error</h2>
<pre class="syserr">--Output from testSomething--
</pre>
</div>
</div>
<div class="clear"></div>
</div>
<div class="testsuite success">
<div class="header">
<h2>TripTests</h2>
<h3>
                        A single test executed
                    
                        without a single error or failure!
                    </h3>
</div>
<div class="testcase clearfix success grid_8 alpha omega" data-name="testSomething">
<div class="grid_3 alpha">
<p>
<span class="icon success"></span><b class="testname message success">testSomething</b>
</p>
<p class="summary">Executed in 0.053 seconds.</p>
</div>
<div class="grid_5 omega outputinfo"></div>
<div class="clear"></div>
</div>
<div class="clearfix output footer">
<div class="sysout">
<h2>Standard output</h2>
<pre class="stdout">--Output from testSomething--
</pre>
</div>
<div class="syserr">
<h2>System error</h2>
<pre class="syserr">--Output from testSomething--
</pre>
</div>
</div>
<div class="clear"></div>
</div>
<div class="testsuite success">
<div class="header">
<h2>UserTests</h2>
<h3>
                        A single test executed
                    
                        without a single error or failure!
                    </h3>
</div>
<div class="testcase clearfix success grid_8 alpha omega" data-name="testSomething">
<div class="grid_3 alpha">
<p>
<span class="icon success"></span><b class="testname message success">testSomething</b>
</p>
<p class="summary">Executed in 0.063 seconds.</p>
</div>
<div class="grid_5 omega outputinfo"></div>
<div class="clear"></div>
</div>
<div class="clearfix output footer">
<div class="sysout">
<h2>Standard output</h2>
<pre class="stdout">--Output from testSomething--
</pre>
</div>
<div class="syserr">
<h2>System error</h2>
<pre class="syserr">--Output from testSomething--
</pre>
</div>
</div>
<div class="clear"></div>
</div>
<div class="clear"></div>
</div>
<!--
            Parses JUnit output and associates it with the corresponding test case
        -->
<script language="javascript">


/**
 * The JUnit report format is incredibly stuipd in the
 * sense that it accumulates output from all test methods
 * into a single xml node.
 */
(function() {

    var outputElements = findOutputElements();
    for (var i in outputElements) {
        var outputElement = outputElements[i];
        var textOutput = outputElement.element.firstChild.nodeValue;
        var header = outputElement.getHeader();
        appendTestMethodOutput(textOutput, header);
    }

    function findOutputElements() {
        var outputElements = [];
        var preElements = document.getElementsByTagName("pre");
        for (var i in preElements) {
            var preElement = preElements[i];
            var className = preElement.className || "";
            if (className.indexOf("stdout") >= 0) {
                var outputElement = new OutputElement(preElement, "output");
                outputElements.push(outputElement);
            } else if (className.indexOf("syserr") >= 0) {
                var outputElement = new OutputElement(preElement, "error");
                outputElements.push(outputElement);
            }
        }

        return outputElements;
    }

    function OutputElement(element, type) {
        this.element = element;
        this.type = type;

        this.getHeader = function() {
            if (type === "output") {
                return "System output";
            } else if ("error") {
                return "System error";
            }
        }
    }

    function appendTestMethodOutput(text, header) {
        var testOutput = new TestMethodOutput(header);

        var lines = text.split(/\r\n|\r|\n/);
        for (var i in lines) {
            var line = lines[i];
            var matches = line.match(/^--Output from (.*)--$/);
            if (matches !== null && matches.length == 2) {
                testOutput.flushToDom();
                testOutput.testName = matches[1];
            } else {
                testOutput.addLine(line);
            }
        }

        testOutput.flushToDom();
    }

    function TestMethodOutput(header) {
        this.header = header;
        this.testName = undefined;
        this.buffer = "";

        this.addLine = function(line) {
            this.buffer += line + "\n";
        }

        this.flushToDom = function() {
            if (this.testName !== undefined) {
                var domNode = getTestcaseElementByName(this.testName);
                if (domNode !== undefined && trimString(this.buffer).length > 0) {
                    this.appendTo(domNode);
                }

                this.reset();
            }
        }

        this.appendTo = function(domNode) {
            var node = document.createElement("div");
            node.innerHTML = '<p><b class="message">' + header + '</b></p>';

            var preNode = document.createElement("pre");
            preNode.appendChild(document.createTextNode(this.buffer));
            node.appendChild(preNode);

            var outputContainer = findElementByTagClassAndParent("div", "outputinfo", domNode);
            outputContainer.appendChild(node);
        }

        this.reset = function() {
            this.methodName = undefined;
            this.buffer = "";
        }
    }

    function getTestcaseElementByName(name) {
        var divElements = document.getElementsByTagName("div");
        var elementCount = divElements.length;
        for (var i=0; i<elementCount; i++) {
            var el = divElements[i];
            if (el.getAttribute("data-name") === name) {
                return el;
            }
        }
    }

    function findElementByTagClassAndParent(tagName, className, parentNode) {
        var elements = parentNode.getElementsByTagName(tagName);
        for (var i in elements) {
            var element = elements[i];

            // Not 100% correct, but good enough here
            if (element.className !== undefined && element.className.indexOf(className) >= 0) {
                return element;
            }
        }
    }

    function trimString(str) {
        return str.replace(/^\s\s*/, '').replace(/\s\s*$/, '');
    }

})();

        </script>
</body>
</html>
