Testsuite: test.trip.planer2.TripControllerTests
Tests run: 8, Failures: 5, Errors: 0, Time elapsed: 0.731 sec
------------- Standard Output ---------------
--Output from testUpdate--
--Output from testShow--
--Output from testDelete--
--Output from testEdit--
--Output from testList--
--Output from testCreate--
--Output from testIndex--
--Output from testSave--
------------- ---------------- ---------------
------------- Standard Error -----------------
--Output from testUpdate--
--Output from testShow--
--Output from testDelete--
--Output from testEdit--
--Output from testList--
--Output from testCreate--
--Output from testIndex--
--Output from testSave--
------------- ---------------- ---------------

Testcase: testUpdate took 0.258 sec
	FAILED
Assertion failed: 

assert trip.save() != null
       |    |      |
       |    null   false
       test.trip.planer2.Trip@795120c9 (toString() == null)

junit.framework.AssertionFailedError: Assertion failed: 

assert trip.save() != null
       |    |      |
       |    null   false
       test.trip.planer2.Trip@795120c9 (toString() == null)

	at test.trip.planer2.TripControllerTests.testUpdate(TripControllerTests.groovy:100)

Testcase: testShow took 0.048 sec
	FAILED
Assertion failed: 

assert trip.save() != null
       |    |      |
       |    null   false
       test.trip.planer2.Trip@7f432759 (toString() == null)

junit.framework.AssertionFailedError: Assertion failed: 

assert trip.save() != null
       |    |      |
       |    null   false
       test.trip.planer2.Trip@7f432759 (toString() == null)

	at test.trip.planer2.TripControllerTests.testShow(TripControllerTests.groovy:62)

Testcase: testDelete took 0.051 sec
	FAILED
Assertion failed: 

assert trip.save() != null
       |    |      |
       |    null   false
       test.trip.planer2.Trip@20a302f2 (toString() == null)

junit.framework.AssertionFailedError: Assertion failed: 

assert trip.save() != null
       |    |      |
       |    null   false
       test.trip.planer2.Trip@20a302f2 (toString() == null)

	at test.trip.planer2.TripControllerTests.testDelete(TripControllerTests.groovy:144)

Testcase: testEdit took 0.051 sec
	FAILED
Assertion failed: 

assert trip.save() != null
       |    |      |
       |    null   false
       test.trip.planer2.Trip@6ebe375f (toString() == null)

junit.framework.AssertionFailedError: Assertion failed: 

assert trip.save() != null
       |    |      |
       |    null   false
       test.trip.planer2.Trip@6ebe375f (toString() == null)

	at test.trip.planer2.TripControllerTests.testEdit(TripControllerTests.groovy:80)

Testcase: testList took 0.044 sec
Testcase: testCreate took 0.047 sec
Testcase: testIndex took 0.051 sec
Testcase: testSave took 0.06 sec
	FAILED
Assertion failed: 

assert response.redirectedUrl == '/trip/show/1'
       |        |             |
       |        null          false
       org.codehaus.groovy.grails.plugins.testing.GrailsMockHttpServletResponse@40ab95d

junit.framework.AssertionFailedError: Assertion failed: 

assert response.redirectedUrl == '/trip/show/1'
       |        |             |
       |        null          false
       org.codehaus.groovy.grails.plugins.testing.GrailsMockHttpServletResponse@40ab95d

	at test.trip.planer2.TripControllerTests.testSave(TripControllerTests.groovy:48)

